<?xml version="1.0" encoding="UTF-8"?>
<!-- Generated by org.testng.reporters.JUnitReportReporter -->
<testsuite hostname="DESKTOP-9DL78BH" failures="0" tests="4" name="testCases.TC_003_LoginDDT" time="39.374" errors="0" timestamp="2021-09-18T16:24:19 EDT" skipped="0">
  <testcase classname="testCases.TC_003_LoginDDT" name="test_LoginDDT" time="11.764"/>
  <system-out/>
  <testcase classname="testCases.TC_003_LoginDDT" name="test_LoginDDT" time="11.847"/>
  <system-out/>
  <testcase classname="testCases.TC_003_LoginDDT" name="test_LoginDDT" time="11.870"/>
  <system-out/>
  <testcase classname="testCases.TC_003_LoginDDT" name="test_LoginDDT" time="3.893"/>
  <system-out/>
</testsuite> <!-- testCases.TC_003_LoginDDT -->
