<?xml version="1.0" encoding="UTF-8"?>
<!-- Generated by org.testng.reporters.JUnitReportReporter -->
<testsuite hostname="DESKTOP-9DL78BH" failures="0" tests="1" name="testCases.TC_002_Login" time="8.424" errors="0" timestamp="2021-09-18T17:43:12 EDT" skipped="0">
  <testcase classname="testCases.TC_002_Login" name="test_Login" time="8.424"/>
  <system-out/>
</testsuite> <!-- testCases.TC_002_Login -->
