<?xml version="1.0" encoding="UTF-8"?>
<!-- Generated by org.testng.reporters.JUnitReportReporter -->
<testsuite skipped="0" hostname="DESKTOP-9DL78BH" name="testCases.TC_002_Login" tests="1" failures="0" timestamp="2021-09-18T18:51:40 EDT" time="8.607" errors="0">
  <testcase name="test_Login" time="8.607" classname="testCases.TC_002_Login"/>
  <system-out/>
</testsuite> <!-- testCases.TC_002_Login -->
